2023-03-21 23:52:57.702 [info] Extension host with pid 72485 started
2023-03-21 23:52:57.702 [info] Skipping acquiring lock for /Users/kshitijvaidya/.anaconda/navigator/Code/User/workspaceStorage/19b07fa4f7010c2d75f0d2fabd068065.
2023-03-21 23:52:57.756 [info] ExtensionService#_doActivateExtension formulahendry.code-runner, startup: false, activationEvent: 'onLanguage:code-runner-output'
2023-03-21 23:52:57.783 [info] ExtensionService#_doActivateExtension vscode.emmet, startup: false, activationEvent: 'onLanguage'
2023-03-21 23:52:57.786 [info] ExtensionService#_doActivateExtension vscode.git-base, startup: true, activationEvent: '*', root cause: vscode.git
2023-03-21 23:52:57.836 [info] ExtensionService#_doActivateExtension vscode.git, startup: true, activationEvent: '*'
2023-03-21 23:52:57.846 [info] ExtensionService#_doActivateExtension vscode.github, startup: true, activationEvent: '*'
2023-03-21 23:52:57.922 [info] Eager extensions activated
2023-03-21 23:52:57.980 [info] ExtensionService#_doActivateExtension vscode.debug-auto-launch, startup: false, activationEvent: 'onStartupFinished'
2023-03-21 23:52:57.982 [info] ExtensionService#_doActivateExtension vscode.merge-conflict, startup: false, activationEvent: 'onStartupFinished'
2023-03-21 23:52:57.985 [info] ExtensionService#_doActivateExtension vadimcn.vscode-lldb, startup: false, activationEvent: 'onStartupFinished'
2023-03-21 23:52:57.992 [info] ExtensionService#_doActivateExtension vscode.github-authentication, startup: false, activationEvent: 'onAuthenticationRequest:github'
2023-03-21 23:52:58.073 [info] ExtensionService#_doActivateExtension vscode.microsoft-authentication, startup: false, activationEvent: 'onAuthenticationRequest:microsoft'
2023-03-21 23:53:15.845 [info] Extension host terminating: renderer closed the MessagePort
2023-03-21 23:53:15.849 [info] Extension host with pid 72485 exiting with code 0
2023-03-21 23:53:16.390 [info] Extension host with pid 72538 started
2023-03-21 23:53:16.390 [info] Skipping acquiring lock for /Users/kshitijvaidya/.anaconda/navigator/Code/User/workspaceStorage/ad7be04e77034637ea71eaff2580b54b.
2023-03-21 23:53:16.415 [info] ExtensionService#_doActivateExtension vscode.emmet, startup: false, activationEvent: 'onLanguage'
2023-03-21 23:53:16.419 [info] ExtensionService#_doActivateExtension vscode.git-base, startup: true, activationEvent: '*'
2023-03-21 23:53:16.421 [info] ExtensionService#_doActivateExtension vscode.github-authentication, startup: false, activationEvent: 'onAuthenticationRequest:github'
2023-03-21 23:53:16.543 [info] ExtensionService#_doActivateExtension vscode.github, startup: true, activationEvent: '*'
2023-03-21 23:53:16.561 [info] Eager extensions activated
2023-03-21 23:53:16.566 [info] ExtensionService#_doActivateExtension vscode.debug-auto-launch, startup: false, activationEvent: 'onStartupFinished'
2023-03-21 23:53:16.567 [info] ExtensionService#_doActivateExtension vscode.merge-conflict, startup: false, activationEvent: 'onStartupFinished'
2023-03-21 23:53:16.575 [info] ExtensionService#_doActivateExtension vscode.microsoft-authentication, startup: false, activationEvent: 'onAuthenticationRequest:microsoft'
2023-03-21 23:53:18.410 [info] ExtensionService#_doActivateExtension vscode.git, startup: false, activationEvent: 'api', root cause: vscode.github
2023-03-21 23:53:18.430 [info] ExtensionService#_doActivateExtension formulahendry.code-runner, startup: false, activationEvent: 'onStartupFinished'
2023-03-21 23:53:18.448 [info] ExtensionService#_doActivateExtension vadimcn.vscode-lldb, startup: false, activationEvent: 'onStartupFinished'
2023-03-21 23:53:18.452 [info] ExtensionService#_doActivateExtension ms-vscode.cpptools, startup: false, activationEvent: 'workspaceContains:/.vscode/c_cpp_properties.json'
2023-03-21 23:53:18.630 [info] ExtensionService#_doActivateExtension vscode.configuration-editing, startup: false, activationEvent: 'onLanguage:json'
2023-03-21 23:53:18.632 [info] ExtensionService#_doActivateExtension vscode.extension-editing, startup: false, activationEvent: 'onLanguage:json'
2023-03-21 23:53:18.640 [info] ExtensionService#_doActivateExtension vscode.json-language-features, startup: false, activationEvent: 'onLanguage:json'
2023-03-21 23:53:18.649 [info] ExtensionService#_doActivateExtension vscode.npm, startup: false, activationEvent: 'onLanguage:json'
2023-03-21 23:53:18.665 [info] ExtensionService#_doActivateExtension ms-python.python, startup: false, activationEvent: 'onLanguage:json'
2023-03-21 23:53:18.717 [info] ExtensionService#_doActivateExtension vscode.typescript-language-features, startup: false, activationEvent: 'onLanguage:jsonc'
2023-03-21 23:53:18.886 [info] ExtensionService#_doActivateExtension ms-python.vscode-pylance, startup: false, activationEvent: 'api', root cause: ms-python.python
2023-03-21 23:53:49.239 [warning] DiagnosticCollection with name 'C/C++' does already exist.
2023-03-22 00:24:37.278 [info] ExtensionService#_doActivateExtension vscode.debug-server-ready, startup: false, activationEvent: 'onDebugResolve'
2023-03-22 00:49:48.414 [info] Extension host terminating: renderer closed the MessagePort
2023-03-22 00:49:48.442 [error] Canceled: Canceled
	at new l (/Applications/Visual Studio Code.app/Contents/Resources/app/out/vs/workbench/api/node/extensionHostProcess.js:96:88793)
	at a.O (/Applications/Visual Studio Code.app/Contents/Resources/app/out/vs/workbench/api/node/extensionHostProcess.js:106:11260)
	at V.<computed>.Q.charCodeAt.V.<computed> (/Applications/Visual Studio Code.app/Contents/Resources/app/out/vs/workbench/api/node/extensionHostProcess.js:106:8550)
	at c.g (/Applications/Visual Studio Code.app/Contents/Resources/app/out/vs/workbench/api/node/extensionHostProcess.js:96:108198)
	at c.executeCommand (/Applications/Visual Studio Code.app/Contents/Resources/app/out/vs/workbench/api/node/extensionHostProcess.js:96:107574)
	at N.registerCommand.description (/Applications/Visual Studio Code.app/Contents/Resources/app/out/vs/workbench/api/node/extensionHostProcess.js:96:106867)
	at c.h (/Applications/Visual Studio Code.app/Contents/Resources/app/out/vs/workbench/api/node/extensionHostProcess.js:96:108784)
	at c.g (/Applications/Visual Studio Code.app/Contents/Resources/app/out/vs/workbench/api/node/extensionHostProcess.js:96:107674)
	at c.executeCommand (/Applications/Visual Studio Code.app/Contents/Resources/app/out/vs/workbench/api/node/extensionHostProcess.js:96:107574)
	at Object.executeCommand (/Applications/Visual Studio Code.app/Contents/Resources/app/out/vs/workbench/api/node/extensionHostProcess.js:117:30781)
	at CodeManager.stopRunning (/Users/kshitijvaidya/.vscode/extensions/formulahendry.code-runner-0.12.0/out/src/codeManager.js:115:29)
	at CodeManager.dispose (/Users/kshitijvaidya/.vscode/extensions/formulahendry.code-runner-0.12.0/out/src/codeManager.js:97:14)
	at k (/Applications/Visual Studio Code.app/Contents/Resources/app/out/vs/workbench/api/node/extensionHostProcess.js:10:12074)
	at f.X (/Applications/Visual Studio Code.app/Contents/Resources/app/out/vs/workbench/api/node/extensionHostProcess.js:108:11284)
	at /Applications/Visual Studio Code.app/Contents/Resources/app/out/vs/workbench/api/node/extensionHostProcess.js:108:9088
	at Array.map (<anonymous>)
	at f.Q (/Applications/Visual Studio Code.app/Contents/Resources/app/out/vs/workbench/api/node/extensionHostProcess.js:108:9075)
	at f.terminate (/Applications/Visual Studio Code.app/Contents/Resources/app/out/vs/workbench/api/node/extensionHostProcess.js:108:9347)
	at u.terminate (/Applications/Visual Studio Code.app/Contents/Resources/app/out/vs/workbench/api/node/extensionHostProcess.js:112:1397)
	at p (/Applications/Visual Studio Code.app/Contents/Resources/app/out/vs/workbench/api/node/extensionHostProcess.js:122:18592)
	at MessagePortMain.<anonymous> (/Applications/Visual Studio Code.app/Contents/Resources/app/out/vs/workbench/api/node/extensionHostProcess.js:122:14731)
	at MessagePortMain.emit (node:events:526:28)
	at MessagePortMain._internalPort.emit (node:electron/js2c/utility_init:5:364) setContext undefined
2023-03-22 00:49:48.465 [error] Canceled: Canceled
	at new l (/Applications/Visual Studio Code.app/Contents/Resources/app/out/vs/workbench/api/node/extensionHostProcess.js:96:88793)
	at a.O (/Applications/Visual Studio Code.app/Contents/Resources/app/out/vs/workbench/api/node/extensionHostProcess.js:106:11260)
	at V.<computed>.Q.charCodeAt.V.<computed> (/Applications/Visual Studio Code.app/Contents/Resources/app/out/vs/workbench/api/node/extensionHostProcess.js:106:8550)
	at c.g (/Applications/Visual Studio Code.app/Contents/Resources/app/out/vs/workbench/api/node/extensionHostProcess.js:96:108198)
	at c.executeCommand (/Applications/Visual Studio Code.app/Contents/Resources/app/out/vs/workbench/api/node/extensionHostProcess.js:96:107574)
	at N.registerCommand.description (/Applications/Visual Studio Code.app/Contents/Resources/app/out/vs/workbench/api/node/extensionHostProcess.js:96:106867)
	at c.h (/Applications/Visual Studio Code.app/Contents/Resources/app/out/vs/workbench/api/node/extensionHostProcess.js:96:108784)
	at c.g (/Applications/Visual Studio Code.app/Contents/Resources/app/out/vs/workbench/api/node/extensionHostProcess.js:96:107674)
	at c.executeCommand (/Applications/Visual Studio Code.app/Contents/Resources/app/out/vs/workbench/api/node/extensionHostProcess.js:96:107574)
	at Object.executeCommand (/Applications/Visual Studio Code.app/Contents/Resources/app/out/vs/workbench/api/node/extensionHostProcess.js:117:30781)
	at ChildProcess.<anonymous> (/Users/kshitijvaidya/.vscode/extensions/formulahendry.code-runner-0.12.0/out/src/codeManager.js:442:33)
	at ChildProcess.emit (node:events:526:28)
	at maybeClose (node:internal/child_process:1092:16)
	at ChildProcess._handle.onexit (node:internal/child_process:302:5) setContext undefined
2023-03-22 00:49:48.472 [info] Extension host with pid 72538 exiting with code 0
