2023-03-21 23:52:57.423 [info] Added views:workbench.panel.markers.view in workbench.panel.markers
2023-03-21 23:52:57.424 [info] Added views:workbench.panel.output in workbench.panel.output
2023-03-21 23:52:57.424 [info] Added views:terminal in terminal
2023-03-21 23:52:57.424 [info] Added views:outline in workbench.view.explorer
2023-03-21 23:52:57.424 [info] Added views:workbench.scm in workbench.view.scm
2023-03-21 23:52:57.424 [info] Added views:workbench.view.search in workbench.view.search
2023-03-21 23:52:57.424 [info] Added views:timeline in workbench.view.explorer
2023-03-21 23:52:57.424 [info] Added views:workbench.explorer.fileView in workbench.view.explorer
2023-03-21 23:52:57.522 [info] Added views:cs-script in workbench.view.explorer
2023-03-21 23:52:57.627 [info] Added views:workbench.debug.welcome in workbench.view.debug
2023-03-21 23:52:57.763 [info] Added views:workbench.panel.repl.view in workbench.panel.repl
2023-03-21 23:53:16.153 [info] Added views:workbench.panel.markers.view in workbench.panel.markers
2023-03-21 23:53:16.153 [info] Added views:workbench.panel.output in workbench.panel.output
2023-03-21 23:53:16.153 [info] Added views:terminal in terminal
2023-03-21 23:53:16.153 [info] Added views:outline in workbench.view.explorer
2023-03-21 23:53:16.153 [info] Added views:workbench.scm in workbench.view.scm
2023-03-21 23:53:16.153 [info] Added views:workbench.view.search in workbench.view.search
2023-03-21 23:53:16.153 [info] Added views:timeline in workbench.view.explorer
2023-03-21 23:53:16.153 [info] Added views:workbench.explorer.fileView in workbench.view.explorer
2023-03-21 23:53:16.300 [info] Added views:workbench.debug.variablesView,workbench.debug.watchExpressionsView,workbench.debug.callStackView,workbench.debug.breakPointsView in workbench.view.debug
2023-03-21 23:53:16.416 [info] Added views:workbench.panel.repl.view in workbench.panel.repl
2023-03-21 23:53:18.391 [info] Added views:cs-script in workbench.view.explorer
2023-03-21 23:53:18.861 [info] Added views:workbench.view.testing in workbench.view.extension.test
2023-03-22 00:49:48.421 [info] Removed views:workbench.view.testing from workbench.view.extension.test
