2023-03-21 23:52:57.870 [info] Log level: Info
2023-03-21 23:52:57.874 [info] Validating found git in: "/usr/bin/git"
2023-03-21 23:52:57.919 [info] Using git "2.37.1 (Apple Git-137.1)" from "/usr/bin/git"
2023-03-21 23:52:57.932 [info] > git rev-parse --show-toplevel [10ms]
2023-03-21 23:52:57.934 [info] fatal: not a git repository (or any of the parent directories): .git
2023-03-21 23:52:57.943 [info] > git rev-parse --show-toplevel [8ms]
2023-03-21 23:52:57.943 [info] fatal: not a git repository (or any of the parent directories): .git
2023-03-21 23:52:58.113 [info] > git rev-parse --show-toplevel [8ms]
2023-03-21 23:52:58.113 [info] fatal: not a git repository (or any of the parent directories): .git
2023-03-21 23:52:58.192 [info] > git rev-parse --show-toplevel [8ms]
2023-03-21 23:52:58.192 [info] fatal: not a git repository (or any of the parent directories): .git
2023-03-21 23:53:18.550 [info] Log level: Info
2023-03-21 23:53:18.554 [info] Validating found git in: "/usr/bin/git"
2023-03-21 23:53:18.583 [info] Using git "2.37.1 (Apple Git-137.1)" from "/usr/bin/git"
2023-03-21 23:53:18.703 [info] > git rev-parse --show-toplevel [117ms]
2023-03-21 23:53:18.703 [info] fatal: not a git repository (or any of the parent directories): .git
2023-03-21 23:53:18.736 [info] > git rev-parse --show-toplevel [31ms]
2023-03-21 23:53:18.736 [info] fatal: not a git repository (or any of the parent directories): .git
2023-03-21 23:53:18.784 [info] > git rev-parse --show-toplevel [48ms]
2023-03-21 23:53:18.784 [info] fatal: not a git repository (or any of the parent directories): .git
2023-03-21 23:53:48.707 [info] > git rev-parse --show-toplevel [11ms]
2023-03-21 23:53:48.707 [info] fatal: not a git repository (or any of the parent directories): .git
2023-03-21 23:53:56.691 [info] > git rev-parse --show-toplevel [40ms]
2023-03-21 23:53:56.691 [info] fatal: not a git repository (or any of the parent directories): .git
2023-03-22 00:24:43.947 [info] > git rev-parse --show-toplevel [22ms]
2023-03-22 00:24:43.947 [info] fatal: not a git repository (or any of the parent directories): .git
2023-03-22 00:24:46.442 [info] > git rev-parse --show-toplevel [20ms]
2023-03-22 00:24:46.442 [info] fatal: not a git repository (or any of the parent directories): .git
2023-03-22 00:25:42.044 [info] > git rev-parse --show-toplevel [13ms]
2023-03-22 00:25:42.044 [info] fatal: not a git repository (or any of the parent directories): .git
2023-03-22 00:29:02.936 [info] > git rev-parse --show-toplevel [42ms]
2023-03-22 00:29:02.936 [info] fatal: not a git repository (or any of the parent directories): .git
2023-03-22 00:29:08.887 [info] > git rev-parse --show-toplevel [12ms]
2023-03-22 00:29:08.887 [info] fatal: not a git repository (or any of the parent directories): .git
2023-03-22 00:29:19.984 [info] > git rev-parse --show-toplevel [13ms]
2023-03-22 00:29:19.984 [info] fatal: not a git repository (or any of the parent directories): .git
2023-03-22 00:32:23.886 [info] > git rev-parse --show-toplevel [40ms]
2023-03-22 00:32:23.886 [info] fatal: not a git repository (or any of the parent directories): .git
2023-03-22 00:33:34.817 [info] > git rev-parse --show-toplevel [19ms]
2023-03-22 00:33:34.817 [info] fatal: not a git repository (or any of the parent directories): .git
2023-03-22 00:40:56.118 [info] > git rev-parse --show-toplevel [33ms]
2023-03-22 00:40:56.119 [info] fatal: not a git repository (or any of the parent directories): .git
2023-03-22 00:41:20.022 [info] > git rev-parse --show-toplevel [13ms]
2023-03-22 00:41:20.022 [info] fatal: not a git repository (or any of the parent directories): .git
2023-03-22 00:41:22.181 [info] > git rev-parse --show-toplevel [20ms]
2023-03-22 00:41:22.181 [info] fatal: not a git repository (or any of the parent directories): .git
